[1.192s] Invoking command in '/home/root/colcon_ws/build/aruco_listener': PYTHONPATH=/home/root/colcon_ws/build/aruco_listener/prefix_override:/usr/lib/python3/dist-packages/colcon_core/task/python/colcon_distutils_commands:/home/root/colcon_ws/install/aruco_listener/lib/python3.8/site-packages:${PYTHONPATH} /usr/bin/python3 -W ignore:setup.py install is deprecated setup.py develop --editable --build-directory /home/root/colcon_ws/build/aruco_listener/build --no-deps symlink_data
[1.589s] running develop
[1.754s] running egg_info
[1.754s] creating aruco_listener.egg-info
[1.755s] writing aruco_listener.egg-info/PKG-INFO
[1.755s] writing dependency_links to aruco_listener.egg-info/dependency_links.txt
[1.755s] writing entry points to aruco_listener.egg-info/entry_points.txt
[1.757s] writing requirements to aruco_listener.egg-info/requires.txt
[1.757s] writing top-level names to aruco_listener.egg-info/top_level.txt
[1.757s] writing manifest file 'aruco_listener.egg-info/SOURCES.txt'
[1.816s] reading manifest file 'aruco_listener.egg-info/SOURCES.txt'
[1.816s] writing manifest file 'aruco_listener.egg-info/SOURCES.txt'
[1.858s] running build_ext
[1.858s] Creating /home/root/colcon_ws/install/aruco_listener/lib/python3.8/site-packages/site.py
[1.860s] Creating /home/root/colcon_ws/install/aruco_listener/lib/python3.8/site-packages/aruco-listener.egg-link (link to .)
[1.861s] Installing listener script to /home/root/colcon_ws/install/aruco_listener/lib/aruco_listener
[1.862s] 
[1.862s] Installed /home/root/colcon_ws/build/aruco_listener
[1.862s] running symlink_data
[1.862s] creating /home/root/colcon_ws/install/aruco_listener/share/ament_index
[1.862s] creating /home/root/colcon_ws/install/aruco_listener/share/ament_index/resource_index
[1.862s] creating /home/root/colcon_ws/install/aruco_listener/share/ament_index/resource_index/packages
[1.862s] symbolically linking /home/root/colcon_ws/build/aruco_listener/resource/aruco_listener -> /home/root/colcon_ws/install/aruco_listener/share/ament_index/resource_index/packages
[1.862s] symbolically linking /home/root/colcon_ws/build/aruco_listener/package.xml -> /home/root/colcon_ws/install/aruco_listener/share/aruco_listener
[1.921s] Invoked command in '/home/root/colcon_ws/build/aruco_listener' returned '0': PYTHONPATH=/home/root/colcon_ws/build/aruco_listener/prefix_override:/usr/lib/python3/dist-packages/colcon_core/task/python/colcon_distutils_commands:/home/root/colcon_ws/install/aruco_listener/lib/python3.8/site-packages:${PYTHONPATH} /usr/bin/python3 -W ignore:setup.py install is deprecated setup.py develop --editable --build-directory /home/root/colcon_ws/build/aruco_listener/build --no-deps symlink_data
