[0.038s] Invoking command in '/home/root/colcon_ws/build/dynamixel_sdk': CMAKE_PREFIX_PATH=${CMAKE_PREFIX_PATH}:/home/root/colcon_ws/install/static_broadcaster:/home/root/colcon_ws/install/ros2_aruco:/home/root/colcon_ws/install/opencv_ros2:/home/root/colcon_ws/install/aruco_listener:/opt/ros/foxy /usr/bin/cmake /home/root/colcon_ws/src/Professional_Experiment_2024/DynamixelSDK/dynamixel_sdk -DAMENT_CMAKE_SYMLINK_INSTALL=1 -DCMAKE_INSTALL_PREFIX=/home/root/colcon_ws/install/dynamixel_sdk
[0.595s] -- The C compiler identification is GNU 9.4.0
[0.595s] -- The CXX compiler identification is GNU 9.4.0
[0.596s] -- Check for working C compiler: /usr/bin/cc
[0.596s] -- Check for working C compiler: /usr/bin/cc -- works
[0.596s] -- Detecting C compiler ABI info
[0.596s] -- Detecting C compiler ABI info - done
[0.597s] -- Detecting C compile features
[0.597s] -- Detecting C compile features - done
[0.598s] -- Check for working CXX compiler: /usr/bin/c++
[0.598s] -- Check for working CXX compiler: /usr/bin/c++ -- works
[0.598s] -- Detecting CXX compiler ABI info
[0.598s] -- Detecting CXX compiler ABI info - done
[0.600s] -- Detecting CXX compile features
[0.600s] -- Detecting CXX compile features - done
[0.600s] -- Found ament_cmake: 0.9.12 (/opt/ros/foxy/share/ament_cmake/cmake)
[0.601s] -- Found PythonInterp: /usr/bin/python3 (found suitable version "3.8.10", minimum required is "3") 
[0.601s] -- Using PYTHON_EXECUTABLE: /usr/bin/python3
[0.691s] -- Override CMake install command with custom implementation using symlinks instead of copying resources
[0.838s] -- Configuring done
[0.843s] -- Generating done
[0.844s] -- Build files have been written to: /home/root/colcon_ws/build/dynamixel_sdk
[0.848s] Invoked command in '/home/root/colcon_ws/build/dynamixel_sdk' returned '0': CMAKE_PREFIX_PATH=${CMAKE_PREFIX_PATH}:/home/root/colcon_ws/install/static_broadcaster:/home/root/colcon_ws/install/ros2_aruco:/home/root/colcon_ws/install/opencv_ros2:/home/root/colcon_ws/install/aruco_listener:/opt/ros/foxy /usr/bin/cmake /home/root/colcon_ws/src/Professional_Experiment_2024/DynamixelSDK/dynamixel_sdk -DAMENT_CMAKE_SYMLINK_INSTALL=1 -DCMAKE_INSTALL_PREFIX=/home/root/colcon_ws/install/dynamixel_sdk
[0.851s] Invoking command in '/home/root/colcon_ws/build/dynamixel_sdk': CMAKE_PREFIX_PATH=${CMAKE_PREFIX_PATH}:/home/root/colcon_ws/install/static_broadcaster:/home/root/colcon_ws/install/ros2_aruco:/home/root/colcon_ws/install/opencv_ros2:/home/root/colcon_ws/install/aruco_listener:/opt/ros/foxy /usr/bin/cmake --build /home/root/colcon_ws/build/dynamixel_sdk -- -j8 -l8
[0.894s] [35m[1mScanning dependencies of target dynamixel_sdk[0m
[0.910s] [ 10%] [32mBuilding CXX object CMakeFiles/dynamixel_sdk.dir/src/dynamixel_sdk/packet_handler.cpp.o[0m
[0.915s] [ 20%] [32mBuilding CXX object CMakeFiles/dynamixel_sdk.dir/src/dynamixel_sdk/protocol1_packet_handler.cpp.o[0m
[0.920s] [ 30%] [32mBuilding CXX object CMakeFiles/dynamixel_sdk.dir/src/dynamixel_sdk/protocol2_packet_handler.cpp.o[0m
[0.928s] [ 40%] [32mBuilding CXX object CMakeFiles/dynamixel_sdk.dir/src/dynamixel_sdk/group_sync_write.cpp.o[0m
[0.929s] [ 50%] [32mBuilding CXX object CMakeFiles/dynamixel_sdk.dir/src/dynamixel_sdk/group_sync_read.cpp.o[0m
[0.990s] [ 60%] [32mBuilding CXX object CMakeFiles/dynamixel_sdk.dir/src/dynamixel_sdk/group_bulk_write.cpp.o[0m
[1.008s] [ 70%] [32mBuilding CXX object CMakeFiles/dynamixel_sdk.dir/src/dynamixel_sdk/group_bulk_read.cpp.o[0m
[1.011s] [ 80%] [32mBuilding CXX object CMakeFiles/dynamixel_sdk.dir/src/dynamixel_sdk/port_handler.cpp.o[0m
[1.141s] [ 90%] [32mBuilding CXX object CMakeFiles/dynamixel_sdk.dir/src/dynamixel_sdk/port_handler_linux.cpp.o[0m
[2.163s] [100%] [32m[1mLinking CXX shared library libdynamixel_sdk.so[0m
[2.222s] [100%] Built target dynamixel_sdk
[2.231s] Invoked command in '/home/root/colcon_ws/build/dynamixel_sdk' returned '0': CMAKE_PREFIX_PATH=${CMAKE_PREFIX_PATH}:/home/root/colcon_ws/install/static_broadcaster:/home/root/colcon_ws/install/ros2_aruco:/home/root/colcon_ws/install/opencv_ros2:/home/root/colcon_ws/install/aruco_listener:/opt/ros/foxy /usr/bin/cmake --build /home/root/colcon_ws/build/dynamixel_sdk -- -j8 -l8
[2.270s] Invoking command in '/home/root/colcon_ws/build/dynamixel_sdk': CMAKE_PREFIX_PATH=${CMAKE_PREFIX_PATH}:/home/root/colcon_ws/install/static_broadcaster:/home/root/colcon_ws/install/ros2_aruco:/home/root/colcon_ws/install/opencv_ros2:/home/root/colcon_ws/install/aruco_listener:/opt/ros/foxy /usr/bin/cmake --install /home/root/colcon_ws/build/dynamixel_sdk
[2.276s] -- Install configuration: ""
[2.277s] -- Execute custom install script
[2.277s] -- Symlinking: /home/root/colcon_ws/install/dynamixel_sdk/include//dynamixel_sdk/dynamixel_sdk.h
[2.284s] -- Symlinking: /home/root/colcon_ws/install/dynamixel_sdk/include//dynamixel_sdk/group_bulk_read.h
[2.290s] -- Symlinking: /home/root/colcon_ws/install/dynamixel_sdk/include//dynamixel_sdk/group_bulk_write.h
[2.296s] -- Symlinking: /home/root/colcon_ws/install/dynamixel_sdk/include//dynamixel_sdk/group_sync_read.h
[2.303s] -- Symlinking: /home/root/colcon_ws/install/dynamixel_sdk/include//dynamixel_sdk/group_sync_write.h
[2.310s] -- Symlinking: /home/root/colcon_ws/install/dynamixel_sdk/include//dynamixel_sdk/packet_handler.h
[2.316s] -- Symlinking: /home/root/colcon_ws/install/dynamixel_sdk/include//dynamixel_sdk/port_handler.h
[2.323s] -- Symlinking: /home/root/colcon_ws/install/dynamixel_sdk/include//dynamixel_sdk/port_handler_arduino.h
[2.329s] -- Symlinking: /home/root/colcon_ws/install/dynamixel_sdk/include//dynamixel_sdk/port_handler_linux.h
[2.336s] -- Symlinking: /home/root/colcon_ws/install/dynamixel_sdk/include//dynamixel_sdk/port_handler_mac.h
[2.342s] -- Symlinking: /home/root/colcon_ws/install/dynamixel_sdk/include//dynamixel_sdk/port_handler_windows.h
[2.350s] -- Symlinking: /home/root/colcon_ws/install/dynamixel_sdk/include//dynamixel_sdk/protocol1_packet_handler.h
[2.360s] -- Symlinking: /home/root/colcon_ws/install/dynamixel_sdk/include//dynamixel_sdk/protocol2_packet_handler.h
[2.370s] -- Symlinking: /home/root/colcon_ws/install/dynamixel_sdk/lib/libdynamixel_sdk.so
[2.381s] -- Symlinking: /home/root/colcon_ws/install/dynamixel_sdk/share/dynamixel_sdk/environment/library_path.sh
[2.390s] -- Symlinking: /home/root/colcon_ws/install/dynamixel_sdk/share/dynamixel_sdk/environment/library_path.dsv
[2.400s] -- Symlinking: /home/root/colcon_ws/install/dynamixel_sdk/share/ament_index/resource_index/package_run_dependencies/dynamixel_sdk
[2.410s] -- Symlinking: /home/root/colcon_ws/install/dynamixel_sdk/share/ament_index/resource_index/parent_prefix_path/dynamixel_sdk
[2.419s] -- Symlinking: /home/root/colcon_ws/install/dynamixel_sdk/share/dynamixel_sdk/environment/ament_prefix_path.sh
[2.428s] -- Symlinking: /home/root/colcon_ws/install/dynamixel_sdk/share/dynamixel_sdk/environment/ament_prefix_path.dsv
[2.438s] -- Symlinking: /home/root/colcon_ws/install/dynamixel_sdk/share/dynamixel_sdk/environment/path.sh
[2.448s] -- Symlinking: /home/root/colcon_ws/install/dynamixel_sdk/share/dynamixel_sdk/environment/path.dsv
[2.457s] -- Symlinking: /home/root/colcon_ws/install/dynamixel_sdk/share/dynamixel_sdk/local_setup.bash
[2.466s] -- Symlinking: /home/root/colcon_ws/install/dynamixel_sdk/share/dynamixel_sdk/local_setup.sh
[2.476s] -- Symlinking: /home/root/colcon_ws/install/dynamixel_sdk/share/dynamixel_sdk/local_setup.zsh
[2.486s] -- Symlinking: /home/root/colcon_ws/install/dynamixel_sdk/share/dynamixel_sdk/local_setup.dsv
[2.495s] -- Symlinking: /home/root/colcon_ws/install/dynamixel_sdk/share/dynamixel_sdk/package.dsv
[2.501s] -- Symlinking: /home/root/colcon_ws/install/dynamixel_sdk/share/ament_index/resource_index/packages/dynamixel_sdk
[2.508s] -- Symlinking: /home/root/colcon_ws/install/dynamixel_sdk/share/dynamixel_sdk/cmake/ament_cmake_export_include_directories-extras.cmake
[2.514s] -- Symlinking: /home/root/colcon_ws/install/dynamixel_sdk/share/dynamixel_sdk/cmake/ament_cmake_export_libraries-extras.cmake
[2.521s] -- Symlinking: /home/root/colcon_ws/install/dynamixel_sdk/share/dynamixel_sdk/cmake/dynamixel_sdkConfig.cmake
[2.527s] -- Symlinking: /home/root/colcon_ws/install/dynamixel_sdk/share/dynamixel_sdk/cmake/dynamixel_sdkConfig-version.cmake
[2.534s] -- Symlinking: /home/root/colcon_ws/install/dynamixel_sdk/share/dynamixel_sdk/package.xml
[2.546s] Invoked command in '/home/root/colcon_ws/build/dynamixel_sdk' returned '0': CMAKE_PREFIX_PATH=${CMAKE_PREFIX_PATH}:/home/root/colcon_ws/install/static_broadcaster:/home/root/colcon_ws/install/ros2_aruco:/home/root/colcon_ws/install/opencv_ros2:/home/root/colcon_ws/install/aruco_listener:/opt/ros/foxy /usr/bin/cmake --install /home/root/colcon_ws/build/dynamixel_sdk
