[1.112s] Invoking command in '/home/root/colcon_ws/build/ros2_aruco': PYTHONPATH=/home/root/colcon_ws/build/ros2_aruco/prefix_override:/usr/lib/python3/dist-packages/colcon_core/task/python/colcon_distutils_commands:/home/root/colcon_ws/install/ros2_aruco/lib/python3.8/site-packages:${PYTHONPATH} /usr/bin/python3 -W ignore:setup.py install is deprecated setup.py develop --editable --build-directory /home/root/colcon_ws/build/ros2_aruco/build --no-deps symlink_data
[1.537s] running develop
[1.709s] running egg_info
[1.709s] creating ros2_aruco.egg-info
[1.709s] writing ros2_aruco.egg-info/PKG-INFO
[1.710s] writing dependency_links to ros2_aruco.egg-info/dependency_links.txt
[1.710s] writing entry points to ros2_aruco.egg-info/entry_points.txt
[1.710s] writing requirements to ros2_aruco.egg-info/requires.txt
[1.710s] writing top-level names to ros2_aruco.egg-info/top_level.txt
[1.711s] writing manifest file 'ros2_aruco.egg-info/SOURCES.txt'
[1.758s] reading manifest file 'ros2_aruco.egg-info/SOURCES.txt'
[1.762s] writing manifest file 'ros2_aruco.egg-info/SOURCES.txt'
[1.858s] running build_ext
[1.858s] Creating /home/root/colcon_ws/install/ros2_aruco/lib/python3.8/site-packages/site.py
[1.861s] Creating /home/root/colcon_ws/install/ros2_aruco/lib/python3.8/site-packages/ros2-aruco.egg-link (link to .)
[1.863s] Installing aruco_generate_marker script to /home/root/colcon_ws/install/ros2_aruco/lib/ros2_aruco
[1.863s] Installing aruco_node script to /home/root/colcon_ws/install/ros2_aruco/lib/ros2_aruco
[1.863s] 
[1.863s] Installed /home/root/colcon_ws/build/ros2_aruco
[1.863s] running symlink_data
[1.863s] creating /home/root/colcon_ws/install/ros2_aruco/share/ament_index
[1.863s] creating /home/root/colcon_ws/install/ros2_aruco/share/ament_index/resource_index
[1.863s] creating /home/root/colcon_ws/install/ros2_aruco/share/ament_index/resource_index/packages
[1.863s] symbolically linking /home/root/colcon_ws/build/ros2_aruco/resource/ros2_aruco -> /home/root/colcon_ws/install/ros2_aruco/share/ament_index/resource_index/packages
[1.863s] symbolically linking /home/root/colcon_ws/build/ros2_aruco/package.xml -> /home/root/colcon_ws/install/ros2_aruco/share/ros2_aruco
[1.921s] Invoked command in '/home/root/colcon_ws/build/ros2_aruco' returned '0': PYTHONPATH=/home/root/colcon_ws/build/ros2_aruco/prefix_override:/usr/lib/python3/dist-packages/colcon_core/task/python/colcon_distutils_commands:/home/root/colcon_ws/install/ros2_aruco/lib/python3.8/site-packages:${PYTHONPATH} /usr/bin/python3 -W ignore:setup.py install is deprecated setup.py develop --editable --build-directory /home/root/colcon_ws/build/ros2_aruco/build --no-deps symlink_data
