[1.270s] Invoking command in '/home/root/colcon_ws/build/opencv_ros2': PYTHONPATH=/home/root/colcon_ws/build/opencv_ros2/prefix_override:/usr/lib/python3/dist-packages/colcon_core/task/python/colcon_distutils_commands:/home/root/colcon_ws/install/opencv_ros2/lib/python3.8/site-packages:${PYTHONPATH} /usr/bin/python3 -W ignore:setup.py install is deprecated setup.py develop --editable --build-directory /home/root/colcon_ws/build/opencv_ros2/build --no-deps symlink_data
[1.907s] running develop
[2.030s] running egg_info
[2.030s] creating opencv_ros2.egg-info
[2.030s] writing opencv_ros2.egg-info/PKG-INFO
[2.030s] writing dependency_links to opencv_ros2.egg-info/dependency_links.txt
[2.030s] writing entry points to opencv_ros2.egg-info/entry_points.txt
[2.030s] writing requirements to opencv_ros2.egg-info/requires.txt
[2.030s] writing top-level names to opencv_ros2.egg-info/top_level.txt
[2.031s] writing manifest file 'opencv_ros2.egg-info/SOURCES.txt'
[2.052s] reading manifest file 'opencv_ros2.egg-info/SOURCES.txt'
[2.052s] writing manifest file 'opencv_ros2.egg-info/SOURCES.txt'
[2.075s] running build_ext
[2.076s] Creating /home/root/colcon_ws/install/opencv_ros2/lib/python3.8/site-packages/site.py
[2.077s] Creating /home/root/colcon_ws/install/opencv_ros2/lib/python3.8/site-packages/opencv-ros2.egg-link (link to .)
[2.078s] Installing aruco_node_tf script to /home/root/colcon_ws/install/opencv_ros2/lib/opencv_ros2
[2.078s] Installing canny_edge_detection script to /home/root/colcon_ws/install/opencv_ros2/lib/opencv_ros2
[2.078s] Installing challenge5_1_say_hello script to /home/root/colcon_ws/install/opencv_ros2/lib/opencv_ros2
[2.078s] Installing challenge5_2_cup_direction script to /home/root/colcon_ws/install/opencv_ros2/lib/opencv_ros2
[2.078s] Installing face_detection script to /home/root/colcon_ws/install/opencv_ros2/lib/opencv_ros2
[2.078s] Installing imgproc_opencv_ros script to /home/root/colcon_ws/install/opencv_ros2/lib/opencv_ros2
[2.078s] Installing qrcode_detector script to /home/root/colcon_ws/install/opencv_ros2/lib/opencv_ros2
[2.078s] Installing quiz5_1_smile_detection script to /home/root/colcon_ws/install/opencv_ros2/lib/opencv_ros2
[2.078s] 
[2.078s] Installed /home/root/colcon_ws/build/opencv_ros2
[2.078s] running symlink_data
[2.078s] creating /home/root/colcon_ws/install/opencv_ros2/share/ament_index
[2.079s] creating /home/root/colcon_ws/install/opencv_ros2/share/ament_index/resource_index
[2.079s] creating /home/root/colcon_ws/install/opencv_ros2/share/ament_index/resource_index/packages
[2.079s] symbolically linking /home/root/colcon_ws/build/opencv_ros2/resource/opencv_ros2 -> /home/root/colcon_ws/install/opencv_ros2/share/ament_index/resource_index/packages
[2.079s] symbolically linking /home/root/colcon_ws/build/opencv_ros2/package.xml -> /home/root/colcon_ws/install/opencv_ros2/share/opencv_ros2
[2.102s] Invoked command in '/home/root/colcon_ws/build/opencv_ros2' returned '0': PYTHONPATH=/home/root/colcon_ws/build/opencv_ros2/prefix_override:/usr/lib/python3/dist-packages/colcon_core/task/python/colcon_distutils_commands:/home/root/colcon_ws/install/opencv_ros2/lib/python3.8/site-packages:${PYTHONPATH} /usr/bin/python3 -W ignore:setup.py install is deprecated setup.py develop --editable --build-directory /home/root/colcon_ws/build/opencv_ros2/build --no-deps symlink_data
