running develop
running egg_info
creating master.egg-info
writing master.egg-info/PKG-INFO
writing dependency_links to master.egg-info/dependency_links.txt
writing entry points to master.egg-info/entry_points.txt
writing requirements to master.egg-info/requires.txt
writing top-level names to master.egg-info/top_level.txt
writing manifest file 'master.egg-info/SOURCES.txt'
reading manifest file 'master.egg-info/SOURCES.txt'
writing manifest file 'master.egg-info/SOURCES.txt'
running build_ext
Creating /home/root/colcon_ws/install/master/lib/python3.8/site-packages/site.py
Creating /home/root/colcon_ws/install/master/lib/python3.8/site-packages/master.egg-link (link to .)
Installing master script to /home/root/colcon_ws/install/master/lib/master

Installed /home/root/colcon_ws/build/master
running symlink_data
creating /home/root/colcon_ws/install/master/share/ament_index
creating /home/root/colcon_ws/install/master/share/ament_index/resource_index
creating /home/root/colcon_ws/install/master/share/ament_index/resource_index/packages
symbolically linking /home/root/colcon_ws/build/master/resource/master -> /home/root/colcon_ws/install/master/share/ament_index/resource_index/packages
symbolically linking /home/root/colcon_ws/build/master/package.xml -> /home/root/colcon_ws/install/master/share/master
