[1.243s] Invoking command in '/home/root/colcon_ws/build/master': PYTHONPATH=/home/root/colcon_ws/build/master/prefix_override:/usr/lib/python3/dist-packages/colcon_core/task/python/colcon_distutils_commands:/home/root/colcon_ws/install/master/lib/python3.8/site-packages:${PYTHONPATH} /usr/bin/python3 -W ignore:setup.py install is deprecated setup.py develop --editable --build-directory /home/root/colcon_ws/build/master/build --no-deps symlink_data
[1.487s] running develop
[1.598s] running egg_info
[1.599s] creating master.egg-info
[1.599s] writing master.egg-info/PKG-INFO
[1.599s] writing dependency_links to master.egg-info/dependency_links.txt
[1.599s] writing entry points to master.egg-info/entry_points.txt
[1.599s] writing requirements to master.egg-info/requires.txt
[1.599s] writing top-level names to master.egg-info/top_level.txt
[1.600s] writing manifest file 'master.egg-info/SOURCES.txt'
[1.625s] reading manifest file 'master.egg-info/SOURCES.txt'
[1.626s] writing manifest file 'master.egg-info/SOURCES.txt'
[1.651s] running build_ext
[1.651s] Creating /home/root/colcon_ws/install/master/lib/python3.8/site-packages/site.py
[1.653s] Creating /home/root/colcon_ws/install/master/lib/python3.8/site-packages/master.egg-link (link to .)
[1.653s] Installing master script to /home/root/colcon_ws/install/master/lib/master
[1.654s] 
[1.654s] Installed /home/root/colcon_ws/build/master
[1.654s] running symlink_data
[1.654s] creating /home/root/colcon_ws/install/master/share/ament_index
[1.654s] creating /home/root/colcon_ws/install/master/share/ament_index/resource_index
[1.654s] creating /home/root/colcon_ws/install/master/share/ament_index/resource_index/packages
[1.654s] symbolically linking /home/root/colcon_ws/build/master/resource/master -> /home/root/colcon_ws/install/master/share/ament_index/resource_index/packages
[1.654s] symbolically linking /home/root/colcon_ws/build/master/package.xml -> /home/root/colcon_ws/install/master/share/master
[1.679s] Invoked command in '/home/root/colcon_ws/build/master' returned '0': PYTHONPATH=/home/root/colcon_ws/build/master/prefix_override:/usr/lib/python3/dist-packages/colcon_core/task/python/colcon_distutils_commands:/home/root/colcon_ws/install/master/lib/python3.8/site-packages:${PYTHONPATH} /usr/bin/python3 -W ignore:setup.py install is deprecated setup.py develop --editable --build-directory /home/root/colcon_ws/build/master/build --no-deps symlink_data
