[0.426s] Invoking command in '/home/root/colcon_ws/build/ros2_aruco_interfaces': CMAKE_PREFIX_PATH=${CMAKE_PREFIX_PATH}:/home/root/colcon_ws/install/static_broadcaster:/home/root/colcon_ws/install/ros2_aruco:/home/root/colcon_ws/install/opencv_ros2:/home/root/colcon_ws/install/aruco_listener:/opt/ros/foxy /usr/bin/cmake /home/root/colcon_ws/src/Professional_Experiment_2024/ros2_aruco/ros2_aruco_interfaces -DAMENT_CMAKE_SYMLINK_INSTALL=1 -DCMAKE_INSTALL_PREFIX=/home/root/colcon_ws/install/ros2_aruco_interfaces
[0.580s] -- The C compiler identification is GNU 9.4.0
[0.581s] -- The CXX compiler identification is GNU 9.4.0
[0.581s] -- Check for working C compiler: /usr/bin/cc
[0.598s] -- Check for working C compiler: /usr/bin/cc -- works
[0.598s] -- Detecting C compiler ABI info
[0.692s] -- Detecting C compiler ABI info - done
[0.705s] -- Detecting C compile features
[0.705s] -- Detecting C compile features - done
[0.708s] -- Check for working CXX compiler: /usr/bin/c++
[0.816s] -- Check for working CXX compiler: /usr/bin/c++ -- works
[0.817s] -- Detecting CXX compiler ABI info
[0.896s] -- Detecting CXX compiler ABI info - done
[0.912s] -- Detecting CXX compile features
[0.913s] -- Detecting CXX compile features - done
[0.916s] -- Found ament_cmake: 0.9.12 (/opt/ros/foxy/share/ament_cmake/cmake)
[0.999s] -- Found PythonInterp: /usr/bin/python3 (found suitable version "3.8.10", minimum required is "3") 
[0.999s] -- Using PYTHON_EXECUTABLE: /usr/bin/python3
[1.394s] -- Override CMake install command with custom implementation using symlinks instead of copying resources
[1.454s] -- Found geometry_msgs: 2.0.5 (/opt/ros/foxy/share/geometry_msgs/cmake)
[1.541s] -- Using all available rosidl_typesupport_c: rosidl_typesupport_fastrtps_c;rosidl_typesupport_introspection_c
[1.550s] -- Found rosidl_adapter: 1.3.1 (/opt/ros/foxy/share/rosidl_adapter/cmake)
[1.712s] -- Found OpenSSL: /usr/lib/x86_64-linux-gnu/libcrypto.so (found version "1.1.1f")  
[1.763s] -- Found FastRTPS: /opt/ros/foxy/include  
[1.962s] -- Using all available rosidl_typesupport_cpp: rosidl_typesupport_fastrtps_cpp;rosidl_typesupport_introspection_cpp
[2.062s] -- Found rosidl_default_generators: 1.0.1 (/opt/ros/foxy/share/rosidl_default_generators/cmake)
[2.101s] -- Found PythonInterp: /usr/bin/python3 (found version "3.8.10") 
[2.231s] -- Found ament_cmake_ros: 0.9.2 (/opt/ros/foxy/share/ament_cmake_ros/cmake)
[2.409s] -- Using all available rosidl_typesupport_c: rosidl_typesupport_fastrtps_c;rosidl_typesupport_introspection_c
[2.475s] -- Using all available rosidl_typesupport_cpp: rosidl_typesupport_fastrtps_cpp;rosidl_typesupport_introspection_cpp
[2.497s] -- Found PythonInterp: /usr/bin/python3 (found suitable version "3.8.10", minimum required is "3.5") 
[2.498s] -- Found python_cmake_module: 0.8.1 (/opt/ros/foxy/share/python_cmake_module/cmake)
[2.521s] -- Found PythonLibs: /usr/lib/x86_64-linux-gnu/libpython3.8.so (found suitable version "3.8.10", minimum required is "3.5") 
[2.521s] -- Using PYTHON_EXECUTABLE: /usr/bin/python3
[2.521s] -- Using PYTHON_INCLUDE_DIRS: /usr/include/python3.8
[2.521s] -- Using PYTHON_LIBRARIES: /usr/lib/x86_64-linux-gnu/libpython3.8.so
[2.541s] -- Found PythonExtra: .so  
[2.621s] -- Found ament_lint_auto: 0.9.8 (/opt/ros/foxy/share/ament_lint_auto/cmake)
[2.669s] -- Added test 'copyright' to check source files copyright and LICENSE
[2.671s] -- Added test 'lint_cmake' to check CMake code style
[2.672s] -- Added test 'xmllint' to check XML markup files
[2.679s] -- Configuring done
[2.750s] -- Generating done
[2.753s] -- Build files have been written to: /home/root/colcon_ws/build/ros2_aruco_interfaces
[2.760s] Invoked command in '/home/root/colcon_ws/build/ros2_aruco_interfaces' returned '0': CMAKE_PREFIX_PATH=${CMAKE_PREFIX_PATH}:/home/root/colcon_ws/install/static_broadcaster:/home/root/colcon_ws/install/ros2_aruco:/home/root/colcon_ws/install/opencv_ros2:/home/root/colcon_ws/install/aruco_listener:/opt/ros/foxy /usr/bin/cmake /home/root/colcon_ws/src/Professional_Experiment_2024/ros2_aruco/ros2_aruco_interfaces -DAMENT_CMAKE_SYMLINK_INSTALL=1 -DCMAKE_INSTALL_PREFIX=/home/root/colcon_ws/install/ros2_aruco_interfaces
[2.763s] Invoking command in '/home/root/colcon_ws/build/ros2_aruco_interfaces': CMAKE_PREFIX_PATH=${CMAKE_PREFIX_PATH}:/home/root/colcon_ws/install/static_broadcaster:/home/root/colcon_ws/install/ros2_aruco:/home/root/colcon_ws/install/opencv_ros2:/home/root/colcon_ws/install/aruco_listener:/opt/ros/foxy /usr/bin/cmake --build /home/root/colcon_ws/build/ros2_aruco_interfaces -- -j8 -l8
[2.806s] [  3%] [34m[1mGenerating C code for ROS interfaces[0m
[2.806s] [35m[1mScanning dependencies of target ros2_aruco_interfaces__cpp[0m
[2.821s] [  6%] [34m[1mGenerating C++ code for ROS interfaces[0m
[3.196s] [  6%] Built target ros2_aruco_interfaces__cpp
[3.196s] [35m[1mScanning dependencies of target ros2_aruco_interfaces__rosidl_generator_c[0m
[3.226s] [  9%] [34m[1mGenerating C++ type support dispatch for ROS interfaces[0m
[3.228s] [ 12%] [32mBuilding C object CMakeFiles/ros2_aruco_interfaces__rosidl_generator_c.dir/rosidl_generator_c/ros2_aruco_interfaces/msg/detail/aruco_markers__functions.c.o[0m
[3.237s] [ 16%] [34m[1mGenerating C++ introspection for ROS interfaces[0m
[3.284s] [ 19%] [34m[1mGenerating C++ type support for eProsima Fast-RTPS[0m
[3.391s] [ 22%] [32m[1mLinking C shared library libros2_aruco_interfaces__rosidl_generator_c.so[0m
[3.520s] [ 22%] Built target ros2_aruco_interfaces__rosidl_generator_c
[3.543s] [ 29%] [34m[1mGenerating C introspection for ROS interfaces[0m
[3.543s] [ 29%] [34m[1mGenerating C type support dispatch for ROS interfaces[0m
[3.558s] [35m[1mScanning dependencies of target ros2_aruco_interfaces__rosidl_typesupport_cpp[0m
[3.572s] [35m[1mScanning dependencies of target ros2_aruco_interfaces__rosidl_typesupport_introspection_cpp[0m
[3.577s] [ 32%] [32mBuilding CXX object CMakeFiles/ros2_aruco_interfaces__rosidl_typesupport_cpp.dir/rosidl_typesupport_cpp/ros2_aruco_interfaces/msg/aruco_markers__type_support.cpp.o[0m
[3.586s] [ 35%] [32mBuilding CXX object CMakeFiles/ros2_aruco_interfaces__rosidl_typesupport_introspection_cpp.dir/rosidl_typesupport_introspection_cpp/ros2_aruco_interfaces/msg/detail/aruco_markers__type_support.cpp.o[0m
[3.626s] [35m[1mScanning dependencies of target ros2_aruco_interfaces__rosidl_typesupport_fastrtps_cpp[0m
[3.643s] [ 38%] [32mBuilding CXX object CMakeFiles/ros2_aruco_interfaces__rosidl_typesupport_fastrtps_cpp.dir/rosidl_typesupport_fastrtps_cpp/ros2_aruco_interfaces/msg/detail/dds_fastrtps/aruco_markers__type_support.cpp.o[0m
[3.746s] [35m[1mScanning dependencies of target ros2_aruco_interfaces__rosidl_typesupport_c[0m
[3.760s] [ 41%] [32mBuilding CXX object CMakeFiles/ros2_aruco_interfaces__rosidl_typesupport_c.dir/rosidl_typesupport_c/ros2_aruco_interfaces/msg/aruco_markers__type_support.cpp.o[0m
[3.770s] [35m[1mScanning dependencies of target ros2_aruco_interfaces__rosidl_typesupport_introspection_c[0m
[3.787s] [ 45%] [32mBuilding C object CMakeFiles/ros2_aruco_interfaces__rosidl_typesupport_introspection_c.dir/rosidl_typesupport_introspection_c/ros2_aruco_interfaces/msg/detail/aruco_markers__type_support.c.o[0m
[3.792s] [ 48%] [32m[1mLinking CXX shared library libros2_aruco_interfaces__rosidl_typesupport_c.so[0m
[3.826s] [ 51%] [32m[1mLinking C shared library libros2_aruco_interfaces__rosidl_typesupport_introspection_c.so[0m
[3.838s] [ 51%] Built target ros2_aruco_interfaces__rosidl_typesupport_c
[3.852s] [ 54%] [32m[1mLinking CXX shared library libros2_aruco_interfaces__rosidl_typesupport_introspection_cpp.so[0m
[3.863s] [ 54%] Built target ros2_aruco_interfaces__rosidl_typesupport_introspection_c
[3.876s] [ 58%] [32m[1mLinking CXX shared library libros2_aruco_interfaces__rosidl_typesupport_cpp.so[0m
[3.915s] [ 58%] Built target ros2_aruco_interfaces__rosidl_typesupport_introspection_cpp
[3.920s] [ 58%] Built target ros2_aruco_interfaces__rosidl_typesupport_cpp
[4.042s] [ 61%] [32m[1mLinking CXX shared library libros2_aruco_interfaces__rosidl_typesupport_fastrtps_cpp.so[0m
[4.108s] [ 61%] Built target ros2_aruco_interfaces__rosidl_typesupport_fastrtps_cpp
[4.116s] [ 64%] [34m[1mGenerating C type support for eProsima Fast-RTPS[0m
[4.246s] [35m[1mScanning dependencies of target ros2_aruco_interfaces__rosidl_typesupport_fastrtps_c[0m
[4.259s] [ 67%] [32mBuilding CXX object CMakeFiles/ros2_aruco_interfaces__rosidl_typesupport_fastrtps_c.dir/rosidl_typesupport_fastrtps_c/ros2_aruco_interfaces/msg/detail/aruco_markers__type_support_c.cpp.o[0m
[4.469s] [ 70%] [32m[1mLinking CXX shared library libros2_aruco_interfaces__rosidl_typesupport_fastrtps_c.so[0m
[4.554s] [ 70%] Built target ros2_aruco_interfaces__rosidl_typesupport_fastrtps_c
[4.561s] [35m[1mScanning dependencies of target ros2_aruco_interfaces[0m
[4.568s] [ 70%] Built target ros2_aruco_interfaces
[4.576s] [35m[1mScanning dependencies of target ros2_aruco_interfaces__py[0m
[4.583s] [ 74%] [34m[1mGenerating Python code for ROS interfaces[0m
[4.844s] [ 74%] Built target ros2_aruco_interfaces__py
[4.852s] [35m[1mScanning dependencies of target ros2_aruco_interfaces__python[0m
[4.867s] [ 77%] [32mBuilding C object CMakeFiles/ros2_aruco_interfaces__python.dir/rosidl_generator_py/ros2_aruco_interfaces/msg/_aruco_markers_s.c.o[0m
[4.930s] [ 80%] [32m[1mLinking C shared library rosidl_generator_py/ros2_aruco_interfaces/libros2_aruco_interfaces__python.so[0m
[4.964s] [ 80%] Built target ros2_aruco_interfaces__python
[4.972s] [35m[1mScanning dependencies of target ros2_aruco_interfaces__rosidl_typesupport_c__pyext[0m
[4.974s] [35m[1mScanning dependencies of target ros2_aruco_interfaces__rosidl_typesupport_introspection_c__pyext[0m
[4.975s] [35m[1mScanning dependencies of target ros2_aruco_interfaces__rosidl_typesupport_fastrtps_c__pyext[0m
[4.988s] [ 83%] [32mBuilding C object CMakeFiles/ros2_aruco_interfaces__rosidl_typesupport_c__pyext.dir/rosidl_generator_py/ros2_aruco_interfaces/_ros2_aruco_interfaces_s.ep.rosidl_typesupport_c.c.o[0m
[4.993s] [ 87%] [32mBuilding C object CMakeFiles/ros2_aruco_interfaces__rosidl_typesupport_introspection_c__pyext.dir/rosidl_generator_py/ros2_aruco_interfaces/_ros2_aruco_interfaces_s.ep.rosidl_typesupport_introspection_c.c.o[0m
[4.993s] [ 90%] [32mBuilding C object CMakeFiles/ros2_aruco_interfaces__rosidl_typesupport_fastrtps_c__pyext.dir/rosidl_generator_py/ros2_aruco_interfaces/_ros2_aruco_interfaces_s.ep.rosidl_typesupport_fastrtps_c.c.o[0m
[5.044s] [ 93%] [32m[1mLinking C shared library rosidl_generator_py/ros2_aruco_interfaces/ros2_aruco_interfaces_s__rosidl_typesupport_c.cpython-38-x86_64-linux-gnu.so[0m
[5.072s] [ 96%] [32m[1mLinking C shared library rosidl_generator_py/ros2_aruco_interfaces/ros2_aruco_interfaces_s__rosidl_typesupport_introspection_c.cpython-38-x86_64-linux-gnu.so[0m
[5.074s] [100%] [32m[1mLinking CXX shared library rosidl_generator_py/ros2_aruco_interfaces/ros2_aruco_interfaces_s__rosidl_typesupport_fastrtps_c.cpython-38-x86_64-linux-gnu.so[0m
[5.074s] [100%] Built target ros2_aruco_interfaces__rosidl_typesupport_c__pyext
[5.110s] [100%] Built target ros2_aruco_interfaces__rosidl_typesupport_introspection_c__pyext
[5.121s] [100%] Built target ros2_aruco_interfaces__rosidl_typesupport_fastrtps_c__pyext
[5.129s] Invoked command in '/home/root/colcon_ws/build/ros2_aruco_interfaces' returned '0': CMAKE_PREFIX_PATH=${CMAKE_PREFIX_PATH}:/home/root/colcon_ws/install/static_broadcaster:/home/root/colcon_ws/install/ros2_aruco:/home/root/colcon_ws/install/opencv_ros2:/home/root/colcon_ws/install/aruco_listener:/opt/ros/foxy /usr/bin/cmake --build /home/root/colcon_ws/build/ros2_aruco_interfaces -- -j8 -l8
[5.164s] Invoking command in '/home/root/colcon_ws/build/ros2_aruco_interfaces': CMAKE_PREFIX_PATH=${CMAKE_PREFIX_PATH}:/home/root/colcon_ws/install/static_broadcaster:/home/root/colcon_ws/install/ros2_aruco:/home/root/colcon_ws/install/opencv_ros2:/home/root/colcon_ws/install/aruco_listener:/opt/ros/foxy /usr/bin/cmake --install /home/root/colcon_ws/build/ros2_aruco_interfaces
[5.169s] -- Install configuration: ""
[5.170s] -- Execute custom install script
[5.170s] -- Symlinking: /home/root/colcon_ws/install/ros2_aruco_interfaces/share/ament_index/resource_index/rosidl_interfaces/ros2_aruco_interfaces
[5.177s] -- Symlinking: /home/root/colcon_ws/install/ros2_aruco_interfaces/include/ros2_aruco_interfaces/msg/aruco_markers.h
[5.183s] -- Symlinking: /home/root/colcon_ws/install/ros2_aruco_interfaces/include/ros2_aruco_interfaces/msg/detail/aruco_markers__functions.h
[5.189s] -- Symlinking: /home/root/colcon_ws/install/ros2_aruco_interfaces/include/ros2_aruco_interfaces/msg/detail/aruco_markers__struct.h
[5.195s] -- Symlinking: /home/root/colcon_ws/install/ros2_aruco_interfaces/include/ros2_aruco_interfaces/msg/detail/aruco_markers__type_support.h
[5.202s] -- Symlinking: /home/root/colcon_ws/install/ros2_aruco_interfaces/include/ros2_aruco_interfaces/msg/rosidl_generator_c__visibility_control.h
[5.209s] -- Symlinking: /home/root/colcon_ws/install/ros2_aruco_interfaces/share/ros2_aruco_interfaces/environment/library_path.sh
[5.216s] -- Symlinking: /home/root/colcon_ws/install/ros2_aruco_interfaces/share/ros2_aruco_interfaces/environment/library_path.dsv
[5.223s] -- Symlinking: /home/root/colcon_ws/install/ros2_aruco_interfaces/include/ros2_aruco_interfaces/msg/detail/aruco_markers__rosidl_typesupport_fastrtps_c.h
[5.230s] -- Symlinking: /home/root/colcon_ws/install/ros2_aruco_interfaces/include/ros2_aruco_interfaces/msg/rosidl_typesupport_fastrtps_c__visibility_control.h
[5.237s] -- Symlinking: /home/root/colcon_ws/install/ros2_aruco_interfaces/lib/libros2_aruco_interfaces__rosidl_typesupport_fastrtps_c.so
[5.244s] -- Symlinking: /home/root/colcon_ws/install/ros2_aruco_interfaces/include/ros2_aruco_interfaces/msg/detail/aruco_markers__rosidl_typesupport_fastrtps_cpp.hpp
[5.252s] -- Symlinking: /home/root/colcon_ws/install/ros2_aruco_interfaces/include/ros2_aruco_interfaces/msg/rosidl_typesupport_fastrtps_cpp__visibility_control.h
[5.259s] -- Symlinking: /home/root/colcon_ws/install/ros2_aruco_interfaces/lib/libros2_aruco_interfaces__rosidl_typesupport_fastrtps_cpp.so
[5.266s] -- Symlinking: /home/root/colcon_ws/install/ros2_aruco_interfaces/include/ros2_aruco_interfaces/msg/detail/aruco_markers__rosidl_typesupport_introspection_c.h
[5.273s] -- Symlinking: /home/root/colcon_ws/install/ros2_aruco_interfaces/include/ros2_aruco_interfaces/msg/rosidl_typesupport_introspection_c__visibility_control.h
[5.280s] -- Symlinking: /home/root/colcon_ws/install/ros2_aruco_interfaces/include/ros2_aruco_interfaces/msg/aruco_markers.hpp
[5.287s] -- Symlinking: /home/root/colcon_ws/install/ros2_aruco_interfaces/include/ros2_aruco_interfaces/msg/detail/aruco_markers__builder.hpp
[5.293s] -- Symlinking: /home/root/colcon_ws/install/ros2_aruco_interfaces/include/ros2_aruco_interfaces/msg/detail/aruco_markers__struct.hpp
[5.300s] -- Symlinking: /home/root/colcon_ws/install/ros2_aruco_interfaces/include/ros2_aruco_interfaces/msg/detail/aruco_markers__traits.hpp
[5.306s] -- Symlinking: /home/root/colcon_ws/install/ros2_aruco_interfaces/include/ros2_aruco_interfaces/msg/detail/aruco_markers__type_support.hpp
[5.313s] -- Symlinking: /home/root/colcon_ws/install/ros2_aruco_interfaces/include/ros2_aruco_interfaces/msg/rosidl_generator_cpp__visibility_control.hpp
[5.320s] -- Symlinking: /home/root/colcon_ws/install/ros2_aruco_interfaces/include/ros2_aruco_interfaces/msg/detail/aruco_markers__rosidl_typesupport_introspection_cpp.hpp
[5.328s] -- Symlinking: /home/root/colcon_ws/install/ros2_aruco_interfaces/share/ros2_aruco_interfaces/environment/pythonpath.sh
[5.334s] -- Symlinking: /home/root/colcon_ws/install/ros2_aruco_interfaces/share/ros2_aruco_interfaces/environment/pythonpath.dsv
[5.342s] -- Symlinking: /home/root/colcon_ws/install/ros2_aruco_interfaces/lib/python3.8/site-packages/ros2_aruco_interfaces/__init__.py
[5.349s] -- Symlinking: /home/root/colcon_ws/install/ros2_aruco_interfaces/lib/python3.8/site-packages/ros2_aruco_interfaces/msg/__init__.py
[5.358s] -- Symlinking: /home/root/colcon_ws/install/ros2_aruco_interfaces/lib/python3.8/site-packages/ros2_aruco_interfaces/msg/_aruco_markers.py
[5.365s] -- Symlinking: /home/root/colcon_ws/install/ros2_aruco_interfaces/lib/python3.8/site-packages/ros2_aruco_interfaces/ros2_aruco_interfaces_s__rosidl_typesupport_fastrtps_c.cpython-38-x86_64-linux-gnu.so
[5.372s] -- Symlinking: /home/root/colcon_ws/install/ros2_aruco_interfaces/lib/python3.8/site-packages/ros2_aruco_interfaces/ros2_aruco_interfaces_s__rosidl_typesupport_introspection_c.cpython-38-x86_64-linux-gnu.so
[5.378s] -- Symlinking: /home/root/colcon_ws/install/ros2_aruco_interfaces/lib/python3.8/site-packages/ros2_aruco_interfaces/ros2_aruco_interfaces_s__rosidl_typesupport_c.cpython-38-x86_64-linux-gnu.so
[5.385s] -- Symlinking: /home/root/colcon_ws/install/ros2_aruco_interfaces/lib/libros2_aruco_interfaces__python.so
[5.393s] -- Symlinking: /home/root/colcon_ws/install/ros2_aruco_interfaces/share/ros2_aruco_interfaces/msg/ArucoMarkers.idl
[5.400s] -- Symlinking: /home/root/colcon_ws/install/ros2_aruco_interfaces/share/ros2_aruco_interfaces/msg/ArucoMarkers.msg
[5.408s] -- Symlinking: /home/root/colcon_ws/install/ros2_aruco_interfaces/share/ament_index/resource_index/package_run_dependencies/ros2_aruco_interfaces
[5.415s] -- Symlinking: /home/root/colcon_ws/install/ros2_aruco_interfaces/share/ament_index/resource_index/parent_prefix_path/ros2_aruco_interfaces
[5.422s] -- Symlinking: /home/root/colcon_ws/install/ros2_aruco_interfaces/share/ros2_aruco_interfaces/environment/ament_prefix_path.sh
[5.429s] -- Symlinking: /home/root/colcon_ws/install/ros2_aruco_interfaces/share/ros2_aruco_interfaces/environment/ament_prefix_path.dsv
[5.438s] -- Symlinking: /home/root/colcon_ws/install/ros2_aruco_interfaces/share/ros2_aruco_interfaces/environment/path.sh
[5.446s] -- Symlinking: /home/root/colcon_ws/install/ros2_aruco_interfaces/share/ros2_aruco_interfaces/environment/path.dsv
[5.453s] -- Symlinking: /home/root/colcon_ws/install/ros2_aruco_interfaces/share/ros2_aruco_interfaces/local_setup.bash
[5.460s] -- Symlinking: /home/root/colcon_ws/install/ros2_aruco_interfaces/share/ros2_aruco_interfaces/local_setup.sh
[5.466s] -- Symlinking: /home/root/colcon_ws/install/ros2_aruco_interfaces/share/ros2_aruco_interfaces/local_setup.zsh
[5.473s] -- Symlinking: /home/root/colcon_ws/install/ros2_aruco_interfaces/share/ros2_aruco_interfaces/local_setup.dsv
[5.480s] -- Symlinking: /home/root/colcon_ws/install/ros2_aruco_interfaces/share/ros2_aruco_interfaces/package.dsv
[5.487s] -- Symlinking: /home/root/colcon_ws/install/ros2_aruco_interfaces/share/ament_index/resource_index/packages/ros2_aruco_interfaces
[5.494s] -- Symlinking: /home/root/colcon_ws/install/ros2_aruco_interfaces/share/ros2_aruco_interfaces/cmake/rosidl_cmake-extras.cmake
[5.501s] -- Symlinking: /home/root/colcon_ws/install/ros2_aruco_interfaces/share/ros2_aruco_interfaces/cmake/ament_cmake_export_dependencies-extras.cmake
[5.508s] -- Symlinking: /home/root/colcon_ws/install/ros2_aruco_interfaces/share/ros2_aruco_interfaces/cmake/ament_cmake_export_libraries-extras.cmake
[5.515s] -- Symlinking: /home/root/colcon_ws/install/ros2_aruco_interfaces/share/ros2_aruco_interfaces/cmake/ament_cmake_export_targets-extras.cmake
[5.522s] -- Symlinking: /home/root/colcon_ws/install/ros2_aruco_interfaces/share/ros2_aruco_interfaces/cmake/ament_cmake_export_include_directories-extras.cmake
[5.529s] -- Symlinking: /home/root/colcon_ws/install/ros2_aruco_interfaces/share/ros2_aruco_interfaces/cmake/rosidl_cmake_export_typesupport_libraries-extras.cmake
[5.536s] -- Symlinking: /home/root/colcon_ws/install/ros2_aruco_interfaces/share/ros2_aruco_interfaces/cmake/rosidl_cmake_export_typesupport_targets-extras.cmake
[5.543s] -- Symlinking: /home/root/colcon_ws/install/ros2_aruco_interfaces/share/ros2_aruco_interfaces/cmake/ros2_aruco_interfacesConfig.cmake
[5.551s] -- Symlinking: /home/root/colcon_ws/install/ros2_aruco_interfaces/share/ros2_aruco_interfaces/cmake/ros2_aruco_interfacesConfig-version.cmake
[5.559s] -- Symlinking: /home/root/colcon_ws/install/ros2_aruco_interfaces/share/ros2_aruco_interfaces/package.xml
[5.565s] -- Installing: /home/root/colcon_ws/install/ros2_aruco_interfaces/lib/libros2_aruco_interfaces__rosidl_generator_c.so
[5.566s] -- Set runtime path of "/home/root/colcon_ws/install/ros2_aruco_interfaces/lib/libros2_aruco_interfaces__rosidl_generator_c.so" to ""
[5.566s] -- Installing: /home/root/colcon_ws/install/ros2_aruco_interfaces/lib/libros2_aruco_interfaces__rosidl_typesupport_introspection_c.so
[5.566s] -- Set runtime path of "/home/root/colcon_ws/install/ros2_aruco_interfaces/lib/libros2_aruco_interfaces__rosidl_typesupport_introspection_c.so" to ""
[5.566s] -- Installing: /home/root/colcon_ws/install/ros2_aruco_interfaces/lib/libros2_aruco_interfaces__rosidl_typesupport_c.so
[5.566s] -- Set runtime path of "/home/root/colcon_ws/install/ros2_aruco_interfaces/lib/libros2_aruco_interfaces__rosidl_typesupport_c.so" to ""
[5.567s] -- Installing: /home/root/colcon_ws/install/ros2_aruco_interfaces/lib/libros2_aruco_interfaces__rosidl_typesupport_introspection_cpp.so
[5.567s] -- Set runtime path of "/home/root/colcon_ws/install/ros2_aruco_interfaces/lib/libros2_aruco_interfaces__rosidl_typesupport_introspection_cpp.so" to ""
[5.567s] -- Installing: /home/root/colcon_ws/install/ros2_aruco_interfaces/lib/libros2_aruco_interfaces__rosidl_typesupport_cpp.so
[5.567s] -- Set runtime path of "/home/root/colcon_ws/install/ros2_aruco_interfaces/lib/libros2_aruco_interfaces__rosidl_typesupport_cpp.so" to ""
[5.591s] Compiling '/home/root/colcon_ws/install/ros2_aruco_interfaces/lib/python3.8/site-packages/ros2_aruco_interfaces/__init__.py'...
[5.594s] -- Installing: /home/root/colcon_ws/install/ros2_aruco_interfaces/share/ros2_aruco_interfaces/cmake/ros2_aruco_interfaces__rosidl_generator_cExport.cmake
[5.594s] -- Installing: /home/root/colcon_ws/install/ros2_aruco_interfaces/share/ros2_aruco_interfaces/cmake/ros2_aruco_interfaces__rosidl_generator_cExport-noconfig.cmake
[5.594s] -- Installing: /home/root/colcon_ws/install/ros2_aruco_interfaces/share/ros2_aruco_interfaces/cmake/ros2_aruco_interfaces__rosidl_typesupport_introspection_cExport.cmake
[5.595s] -- Installing: /home/root/colcon_ws/install/ros2_aruco_interfaces/share/ros2_aruco_interfaces/cmake/ros2_aruco_interfaces__rosidl_typesupport_introspection_cExport-noconfig.cmake
[5.595s] -- Installing: /home/root/colcon_ws/install/ros2_aruco_interfaces/share/ros2_aruco_interfaces/cmake/ros2_aruco_interfaces__rosidl_typesupport_cExport.cmake
[5.595s] -- Installing: /home/root/colcon_ws/install/ros2_aruco_interfaces/share/ros2_aruco_interfaces/cmake/ros2_aruco_interfaces__rosidl_typesupport_cExport-noconfig.cmake
[5.595s] -- Installing: /home/root/colcon_ws/install/ros2_aruco_interfaces/share/ros2_aruco_interfaces/cmake/ros2_aruco_interfaces__rosidl_generator_cppExport.cmake
[5.595s] -- Installing: /home/root/colcon_ws/install/ros2_aruco_interfaces/share/ros2_aruco_interfaces/cmake/ros2_aruco_interfaces__rosidl_typesupport_introspection_cppExport.cmake
[5.595s] -- Installing: /home/root/colcon_ws/install/ros2_aruco_interfaces/share/ros2_aruco_interfaces/cmake/ros2_aruco_interfaces__rosidl_typesupport_introspection_cppExport-noconfig.cmake
[5.595s] -- Installing: /home/root/colcon_ws/install/ros2_aruco_interfaces/share/ros2_aruco_interfaces/cmake/ros2_aruco_interfaces__rosidl_typesupport_cppExport.cmake
[5.595s] -- Installing: /home/root/colcon_ws/install/ros2_aruco_interfaces/share/ros2_aruco_interfaces/cmake/ros2_aruco_interfaces__rosidl_typesupport_cppExport-noconfig.cmake
[5.597s] Invoked command in '/home/root/colcon_ws/build/ros2_aruco_interfaces' returned '0': CMAKE_PREFIX_PATH=${CMAKE_PREFIX_PATH}:/home/root/colcon_ws/install/static_broadcaster:/home/root/colcon_ws/install/ros2_aruco:/home/root/colcon_ws/install/opencv_ros2:/home/root/colcon_ws/install/aruco_listener:/opt/ros/foxy /usr/bin/cmake --install /home/root/colcon_ws/build/ros2_aruco_interfaces
