running develop
running egg_info
creating static_broadcaster.egg-info
writing static_broadcaster.egg-info/PKG-INFO
writing dependency_links to static_broadcaster.egg-info/dependency_links.txt
writing entry points to static_broadcaster.egg-info/entry_points.txt
writing requirements to static_broadcaster.egg-info/requires.txt
writing top-level names to static_broadcaster.egg-info/top_level.txt
writing manifest file 'static_broadcaster.egg-info/SOURCES.txt'
reading manifest file 'static_broadcaster.egg-info/SOURCES.txt'
writing manifest file 'static_broadcaster.egg-info/SOURCES.txt'
running build_ext
Creating /home/root/colcon_ws/install/static_broadcaster/lib/python3.8/site-packages/site.py
Creating /home/root/colcon_ws/install/static_broadcaster/lib/python3.8/site-packages/static-broadcaster.egg-link (link to .)
Installing broadcaster script to /home/root/colcon_ws/install/static_broadcaster/lib/static_broadcaster

Installed /home/root/colcon_ws/build/static_broadcaster
running symlink_data
creating /home/root/colcon_ws/install/static_broadcaster/share/ament_index
creating /home/root/colcon_ws/install/static_broadcaster/share/ament_index/resource_index
creating /home/root/colcon_ws/install/static_broadcaster/share/ament_index/resource_index/packages
symbolically linking /home/root/colcon_ws/build/static_broadcaster/resource/static_broadcaster -> /home/root/colcon_ws/install/static_broadcaster/share/ament_index/resource_index/packages
symbolically linking /home/root/colcon_ws/build/static_broadcaster/package.xml -> /home/root/colcon_ws/install/static_broadcaster/share/static_broadcaster
