[1.050s] Invoking command in '/home/root/colcon_ws/build/static_broadcaster': PYTHONPATH=/home/root/colcon_ws/build/static_broadcaster/prefix_override:/usr/lib/python3/dist-packages/colcon_core/task/python/colcon_distutils_commands:/home/root/colcon_ws/install/static_broadcaster/lib/python3.8/site-packages:${PYTHONPATH} /usr/bin/python3 -W ignore:setup.py install is deprecated setup.py develop --editable --build-directory /home/root/colcon_ws/build/static_broadcaster/build --no-deps symlink_data
[1.474s] running develop
[1.630s] running egg_info
[1.630s] creating static_broadcaster.egg-info
[1.630s] writing static_broadcaster.egg-info/PKG-INFO
[1.630s] writing dependency_links to static_broadcaster.egg-info/dependency_links.txt
[1.630s] writing entry points to static_broadcaster.egg-info/entry_points.txt
[1.631s] writing requirements to static_broadcaster.egg-info/requires.txt
[1.631s] writing top-level names to static_broadcaster.egg-info/top_level.txt
[1.633s] writing manifest file 'static_broadcaster.egg-info/SOURCES.txt'
[1.708s] reading manifest file 'static_broadcaster.egg-info/SOURCES.txt'
[1.709s] writing manifest file 'static_broadcaster.egg-info/SOURCES.txt'
[1.785s] running build_ext
[1.787s] Creating /home/root/colcon_ws/install/static_broadcaster/lib/python3.8/site-packages/site.py
[1.790s] Creating /home/root/colcon_ws/install/static_broadcaster/lib/python3.8/site-packages/static-broadcaster.egg-link (link to .)
[1.791s] Installing broadcaster script to /home/root/colcon_ws/install/static_broadcaster/lib/static_broadcaster
[1.792s] 
[1.792s] Installed /home/root/colcon_ws/build/static_broadcaster
[1.792s] running symlink_data
[1.792s] creating /home/root/colcon_ws/install/static_broadcaster/share/ament_index
[1.793s] creating /home/root/colcon_ws/install/static_broadcaster/share/ament_index/resource_index
[1.793s] creating /home/root/colcon_ws/install/static_broadcaster/share/ament_index/resource_index/packages
[1.793s] symbolically linking /home/root/colcon_ws/build/static_broadcaster/resource/static_broadcaster -> /home/root/colcon_ws/install/static_broadcaster/share/ament_index/resource_index/packages
[1.793s] symbolically linking /home/root/colcon_ws/build/static_broadcaster/package.xml -> /home/root/colcon_ws/install/static_broadcaster/share/static_broadcaster
[1.844s] Invoked command in '/home/root/colcon_ws/build/static_broadcaster' returned '0': PYTHONPATH=/home/root/colcon_ws/build/static_broadcaster/prefix_override:/usr/lib/python3/dist-packages/colcon_core/task/python/colcon_distutils_commands:/home/root/colcon_ws/install/static_broadcaster/lib/python3.8/site-packages:${PYTHONPATH} /usr/bin/python3 -W ignore:setup.py install is deprecated setup.py develop --editable --build-directory /home/root/colcon_ws/build/static_broadcaster/build --no-deps symlink_data
